<?xml version="1.0" encoding="UTF-8"?>
<testng-results ignored="0" total="1" passed="1" failed="0" skipped="0">
  <reporter-output>
  </reporter-output>
  <suite started-at="2026-05-28T12:04:27 IST" name="Default suite" finished-at="2026-05-28T12:04:48 IST" duration-ms="20658">
    <groups>
    </groups>
    <test started-at="2026-05-28T12:04:27 IST" name="Default test" finished-at="2026-05-28T12:04:48 IST" duration-ms="20658">
      <class name="tests.Register_User">
        <test-method is-config="true" signature="setup()[pri:0, instance:tests.Register_User@4659191b]" started-at="2026-05-28T12:04:27 IST" name="setup" finished-at="2026-05-28T12:04:39 IST" duration-ms="11811" status="PASS">
          <reporter-output>
          </reporter-output>
        </test-method> <!-- setup -->
        <test-method signature="test1()[pri:0, instance:tests.Register_User@4659191b]" started-at="2026-05-28T12:04:39 IST" name="test1" finished-at="2026-05-28T12:04:46 IST" duration-ms="6929" status="PASS">
          <reporter-output>
          </reporter-output>
        </test-method> <!-- test1 -->
        <test-method is-config="true" signature="teardows()[pri:0, instance:tests.Register_User@4659191b]" started-at="2026-05-28T12:04:46 IST" name="teardows" finished-at="2026-05-28T12:04:48 IST" duration-ms="1892" status="PASS">
          <reporter-output>
          </reporter-output>
        </test-method> <!-- teardows -->
      </class> <!-- tests.Register_User -->
    </test> <!-- Default test -->
  </suite> <!-- Default suite -->
</testng-results>
